<?xml version="1.0" encoding="UTF-8"?>
<!-- Generated by org.testng.reporters.JUnitReportReporter -->
<testsuite hostname="Manish3152368-1" failures="0" tests="2" name="test.AmazonTestCase1" time="30.262" errors="0" timestamp="2022-11-28T12:42:22 IST" skipped="0">
  <testcase classname="test.AmazonTestCase1" name="VerifyVerifyAmazonTestCase2" time="14.683"/>
  <system-out/>
  <testcase classname="test.AmazonTestCase1" name="VerifyAmazonTestCase1" time="15.579"/>
  <system-out/>
</testsuite> <!-- test.AmazonTestCase1 -->
