<?xml version="1.0" encoding="UTF-8"?>
<!-- Generated by org.testng.reporters.JUnitReportReporter -->
<testsuite hostname="Manish3152368-1" failures="0" tests="1" name="test.AmazonTestCase2" time="17.601" errors="0" timestamp="2022-11-28T16:51:05 IST" skipped="0">
  <testcase classname="test.AmazonTestCase2" name="VerifyVerifyAmazonTestCase2" time="17.601"/>
  <system-out/>
</testsuite> <!-- test.AmazonTestCase2 -->
