<?xml version="1.0" encoding="UTF-8"?>
<!-- Generated by org.testng.reporters.JUnitReportReporter -->
<testsuite hostname="Manish3152368-1" failures="0" tests="1" name="test.Amazon" time="10.628" errors="0" timestamp="2022-11-27T19:11:42 IST" skipped="0">
  <testcase classname="test.Amazon" name="SearchPhone" time="10.628"/>
  <system-out/>
</testsuite> <!-- test.Amazon -->
